# JRE version: Java(TM) SE Runtime Environment (7.0_51-b13) (build 1.7.0_51-b13)
# Java VM: Java HotSpot(TM) 64-Bit Server VM (24.51-b03 mixed mode windows-amd64 compressed oops)
Heap
 PSYoungGen      total 334848K, used 158418K [0x00000000eb300000, 0x00000000fff80000, 0x0000000100000000)
  eden space 329216K, 47% used [0x00000000eb300000,0x00000000f4d08c20,0x00000000ff480000)
  from space 5632K, 12% used [0x00000000ffa00000,0x00000000ffaabcb0,0x00000000fff80000)
  to   space 5632K, 0% used [0x00000000ff480000,0x00000000ff480000,0x00000000ffa00000)
 ParOldGen       total 42496K, used 25260K [0x00000000c1a00000, 0x00000000c4380000, 0x00000000eb300000)
  object space 42496K, 59% used [0x00000000c1a00000,0x00000000c32ab258,0x00000000c4380000)
 PSPermGen       total 21504K, used 18870K [0x00000000bc800000, 0x00000000bdd00000, 0x00000000c1a00000)
  object space 21504K, 87% used [0x00000000bc800000,0x00000000bda6daa8,0x00000000bdd00000)
GC Heap History (10 events):
Event: 25.463 GC heap before
{Heap before GC invocations=24 (full 0):
 PSYoungGen      total 331264K, used 323574K [0x00000000eb300000, 0x00000000fff80000, 0x0000000100000000)
  eden space 323072K, 99% used [0x00000000eb300000,0x00000000fee72b68,0x00000000fee80000)
  from space 8192K, 6% used [0x00000000fee80000,0x00000000fef0adb0,0x00000000ff680000)
  to   space 7680K, 0% used [0x00000000ff800000,0x00000000ff800000,0x00000000fff80000)
 ParOldGen       total 42496K, used 25204K [0x00000000c1a00000, 0x00000000c4380000, 0x00000000eb300000)
  object space 42496K, 59% used [0x00000000c1a00000,0x00000000c329d258,0x00000000c4380000)
 PSPermGen       total 21504K, used 18866K [0x00000000bc800000, 0x00000000bdd00000, 0x00000000c1a00000)
  object space 21504K, 87% used [0x00000000bc800000,0x00000000bda6cbe8,0x00000000bdd00000)
Event: 25.464 GC heap after
Heap after GC invocations=24 (full 0):
 PSYoungGen      total 331776K, used 576K [0x00000000eb300000, 0x00000000ffe80000, 0x0000000100000000)
  eden space 325120K, 0% used [0x00000000eb300000,0x00000000eb300000,0x00000000ff080000)
  from space 6656K, 8% used [0x00000000ff800000,0x00000000ff890370,0x00000000ffe80000)
  to   space 7168K, 0% used [0x00000000ff080000,0x00000000ff080000,0x00000000ff780000)
 ParOldGen       total 42496K, used 25212K [0x00000000c1a00000, 0x00000000c4380000, 0x00000000eb300000)
  object space 42496K, 59% used [0x00000000c1a00000,0x00000000c329f258,0x00000000c4380000)
 PSPermGen       total 21504K, used 18866K [0x00000000bc800000, 0x00000000bdd00000, 0x00000000c1a00000)
  object space 21504K, 87% used [0x00000000bc800000,0x00000000bda6cbe8,0x00000000bdd00000)
}
Event: 25.554 GC heap before
{Heap before GC invocations=25 (full 0):
 PSYoungGen      total 331776K, used 325589K [0x00000000eb300000, 0x00000000ffe80000, 0x0000000100000000)
  eden space 325120K, 99% used [0x00000000eb300000,0x00000000ff0653e8,0x00000000ff080000)
  from space 6656K, 8% used [0x00000000ff800000,0x00000000ff890370,0x00000000ffe80000)
  to   space 7168K, 0% used [0x00000000ff080000,0x00000000ff080000,0x00000000ff780000)
 ParOldGen       total 42496K, used 25212K [0x00000000c1a00000, 0x00000000c4380000, 0x00000000eb300000)
  object space 42496K, 59% used [0x00000000c1a00000,0x00000000c329f258,0x00000000c4380000)
 PSPermGen       total 21504K, used 18866K [0x00000000bc800000, 0x00000000bdd00000, 0x00000000c1a00000)
  object space 21504K, 87% used [0x00000000bc800000,0x00000000bda6cbe8,0x00000000bdd00000)
Event: 25.555 GC heap after
Heap after GC invocations=25 (full 0):
 PSYoungGen      total 332288K, used 565K [0x00000000eb300000, 0x00000000fff80000, 0x0000000100000000)
  eden space 325120K, 0% used [0x00000000eb300000,0x00000000eb300000,0x00000000ff080000)
  from space 7168K, 7% used [0x00000000ff080000,0x00000000ff10d610,0x00000000ff780000)
  to   space 6656K, 0% used [0x00000000ff900000,0x00000000ff900000,0x00000000fff80000)
 ParOldGen       total 42496K, used 25236K [0x00000000c1a00000, 0x00000000c4380000, 0x00000000eb300000)
  object space 42496K, 59% used [0x00000000c1a00000,0x00000000c32a5258,0x00000000c4380000)
 PSPermGen       total 21504K, used 18866K [0x00000000bc800000, 0x00000000bdd00000, 0x00000000c1a00000)
  object space 21504K, 87% used [0x00000000bc800000,0x00000000bda6cbe8,0x00000000bdd00000)
}
Event: 25.645 GC heap before
{Heap before GC invocations=26 (full 0):
 PSYoungGen      total 332288K, used 325638K [0x00000000eb300000, 0x00000000fff80000, 0x0000000100000000)
  eden space 325120K, 99% used [0x00000000eb300000,0x00000000ff0745e8,0x00000000ff080000)
  from space 7168K, 7% used [0x00000000ff080000,0x00000000ff10d610,0x00000000ff780000)
  to   space 6656K, 0% used [0x00000000ff900000,0x00000000ff900000,0x00000000fff80000)
 ParOldGen       total 42496K, used 25236K [0x00000000c1a00000, 0x00000000c4380000, 0x00000000eb300000)
  object space 42496K, 59% used [0x00000000c1a00000,0x00000000c32a5258,0x00000000c4380000)
 PSPermGen       total 21504K, used 18866K [0x00000000bc800000, 0x00000000bdd00000, 0x00000000c1a00000)
  object space 21504K, 87% used [0x00000000bc800000,0x00000000bda6cbe8,0x00000000bdd00000)
Event: 25.646 GC heap after
Heap after GC invocations=26 (full 0):
 PSYoungGen      total 332800K, used 617K [0x00000000eb300000, 0x00000000ffe80000, 0x0000000100000000)
  eden space 327168K, 0% used [0x00000000eb300000,0x00000000eb300000,0x00000000ff280000)
  from space 5632K, 10% used [0x00000000ff900000,0x00000000ff99a570,0x00000000ffe80000)
  to   space 6144K, 0% used [0x00000000ff280000,0x00000000ff280000,0x00000000ff880000)
 ParOldGen       total 42496K, used 25244K [0x00000000c1a00000, 0x00000000c4380000, 0x00000000eb300000)
  object space 42496K, 59% used [0x00000000c1a00000,0x00000000c32a7258,0x00000000c4380000)
 PSPermGen       total 21504K, used 18866K [0x00000000bc800000, 0x00000000bdd00000, 0x00000000c1a00000)
  object space 21504K, 87% used [0x00000000bc800000,0x00000000bda6cbe8,0x00000000bdd00000)
}
Event: 25.736 GC heap before
{Heap before GC invocations=27 (full 0):
 PSYoungGen      total 332800K, used 327701K [0x00000000eb300000, 0x00000000ffe80000, 0x0000000100000000)
  eden space 327168K, 99% used [0x00000000eb300000,0x00000000ff26b230,0x00000000ff280000)
  from space 5632K, 10% used [0x00000000ff900000,0x00000000ff99a570,0x00000000ffe80000)
  to   space 6144K, 0% used [0x00000000ff280000,0x00000000ff280000,0x00000000ff880000)
 ParOldGen       total 42496K, used 25244K [0x00000000c1a00000, 0x00000000c4380000, 0x00000000eb300000)
  object space 42496K, 59% used [0x00000000c1a00000,0x00000000c32a7258,0x00000000c4380000)
 PSPermGen       total 21504K, used 18866K [0x00000000bc800000, 0x00000000bdd00000, 0x00000000c1a00000)
  object space 21504K, 87% used [0x00000000bc800000,0x00000000bda6cbe8,0x00000000bdd00000)
Event: 25.737 GC heap after
Heap after GC invocations=27 (full 0):
 PSYoungGen      total 333312K, used 668K [0x00000000eb300000, 0x00000000fff80000, 0x0000000100000000)
  eden space 327168K, 0% used [0x00000000eb300000,0x00000000eb300000,0x00000000ff280000)
  from space 6144K, 10% used [0x00000000ff280000,0x00000000ff327250,0x00000000ff880000)
  to   space 5632K, 0% used [0x00000000ffa00000,0x00000000ffa00000,0x00000000fff80000)
 ParOldGen       total 42496K, used 25252K [0x00000000c1a00000, 0x00000000c4380000, 0x00000000eb300000)
  object space 42496K, 59% used [0x00000000c1a00000,0x00000000c32a9258,0x00000000c4380000)
 PSPermGen       total 21504K, used 18866K [0x00000000bc800000, 0x00000000bdd00000, 0x00000000c1a00000)
  object space 21504K, 87% used [0x00000000bc800000,0x00000000bda6cbe8,0x00000000bdd00000)
}
Event: 25.828 GC heap before
{Heap before GC invocations=28 (full 0):
 PSYoungGen      total 333312K, used 327834K [0x00000000eb300000, 0x00000000fff80000, 0x0000000100000000)
  eden space 327168K, 99% used [0x00000000eb300000,0x00000000ff27f820,0x00000000ff280000)
  from space 6144K, 10% used [0x00000000ff280000,0x00000000ff327250,0x00000000ff880000)
  to   space 5632K, 0% used [0x00000000ffa00000,0x00000000ffa00000,0x00000000fff80000)
 ParOldGen       total 42496K, used 25252K [0x00000000c1a00000, 0x00000000c4380000, 0x00000000eb300000)
  object space 42496K, 59% used [0x00000000c1a00000,0x00000000c32a9258,0x00000000c4380000)
 PSPermGen       total 21504K, used 18866K [0x00000000bc800000, 0x00000000bdd00000, 0x00000000c1a00000)
  object space 21504K, 87% used [0x00000000bc800000,0x00000000bda6cbe8,0x00000000bdd00000)
Event: 25.829 GC heap after
Heap after GC invocations=28 (full 0):
 PSYoungGen      total 334848K, used 687K [0x00000000eb300000, 0x00000000fff80000, 0x0000000100000000)
  eden space 329216K, 0% used [0x00000000eb300000,0x00000000eb300000,0x00000000ff480000)
  from space 5632K, 12% used [0x00000000ffa00000,0x00000000ffaabcb0,0x00000000fff80000)
  to   space 5632K, 0% used [0x00000000ff480000,0x00000000ff480000,0x00000000ffa00000)
 ParOldGen       total 42496K, used 25260K [0x00000000c1a00000, 0x00000000c4380000, 0x00000000eb300000)
  object space 42496K, 59% used [0x00000000c1a00000,0x00000000c32ab258,0x00000000c4380000)
 PSPermGen       total 21504K, used 18866K [0x00000000bc800000, 0x00000000bdd00000, 0x00000000c1a00000)
  object space 21504K, 87% used [0x00000000bc800000,0x00000000bda6cbe8,0x00000000bdd00000)
}

